[18-Apr-2025 12:45:03 Asia/Kolkata] PHP Warning:  include_once(/home/u707479837/domains/codingfrontend.in/public_html/dev/iwd//admin/api/config.php): Failed to open stream: No such file or directory in C:\xampp\htdocs\iwd\components\dashboard\serviceman.php on line 4
[18-Apr-2025 12:45:03 Asia/Kolkata] PHP Warning:  include_once(): Failed opening '/home/u707479837/domains/codingfrontend.in/public_html/dev/iwd//admin/api/config.php' for inclusion (include_path='C:\xampp\php\PEAR') in C:\xampp\htdocs\iwd\components\dashboard\serviceman.php on line 4
[18-Apr-2025 12:45:11 Asia/Kolkata] PHP Warning:  include_once(/home/u707479837/domains/codingfrontend.in/public_html/dev/iwd//admin/api/config.php): Failed to open stream: No such file or directory in C:\xampp\htdocs\iwd\components\dashboard\allbooking.php on line 4
[18-Apr-2025 12:45:11 Asia/Kolkata] PHP Warning:  include_once(): Failed opening '/home/u707479837/domains/codingfrontend.in/public_html/dev/iwd//admin/api/config.php' for inclusion (include_path='C:\xampp\php\PEAR') in C:\xampp\htdocs\iwd\components\dashboard\allbooking.php on line 4
[18-Apr-2025 13:06:50 Asia/Kolkata] PHP Fatal error:  Uncaught PDOException: SQLSTATE[42S02]: Base table or view not found: 1146 Table 'iwd.package' doesn't exist in C:\xampp\htdocs\iwd\components\dashboard\packages.php:4
Stack trace:
#0 C:\xampp\htdocs\iwd\components\dashboard\packages.php(4): PDO->prepare('SELECT * FROM p...')
#1 C:\xampp\htdocs\iwd\components\dashboard.php(50): include('C:\\xampp\\htdocs...')
#2 C:\xampp\htdocs\iwd\index.php(13): include('C:\\xampp\\htdocs...')
#3 {main}
  thrown in C:\xampp\htdocs\iwd\components\dashboard\packages.php on line 4
[18-Apr-2025 13:07:54 Asia/Kolkata] PHP Warning:  include_once(/home/u707479837/domains/codingfrontend.in/public_html/dev/iwd//admin/api/config.php): Failed to open stream: No such file or directory in C:\xampp\htdocs\iwd\components\dashboard\serviceman.php on line 4
[18-Apr-2025 13:07:54 Asia/Kolkata] PHP Warning:  include_once(): Failed opening '/home/u707479837/domains/codingfrontend.in/public_html/dev/iwd//admin/api/config.php' for inclusion (include_path='C:\xampp\php\PEAR') in C:\xampp\htdocs\iwd\components\dashboard\serviceman.php on line 4
[18-Apr-2025 13:07:56 Asia/Kolkata] PHP Warning:  include_once(/home/u707479837/domains/codingfrontend.in/public_html/dev/iwd//admin/api/config.php): Failed to open stream: No such file or directory in C:\xampp\htdocs\iwd\components\dashboard\allbooking.php on line 4
[18-Apr-2025 13:07:56 Asia/Kolkata] PHP Warning:  include_once(): Failed opening '/home/u707479837/domains/codingfrontend.in/public_html/dev/iwd//admin/api/config.php' for inclusion (include_path='C:\xampp\php\PEAR') in C:\xampp\htdocs\iwd\components\dashboard\allbooking.php on line 4
[18-Apr-2025 13:07:58 Asia/Kolkata] PHP Warning:  include_once(/home/u707479837/domains/codingfrontend.in/public_html/dev/iwd//admin/api/config.php): Failed to open stream: No such file or directory in C:\xampp\htdocs\iwd\components\dashboard\client.php on line 4
[18-Apr-2025 13:07:58 Asia/Kolkata] PHP Warning:  include_once(): Failed opening '/home/u707479837/domains/codingfrontend.in/public_html/dev/iwd//admin/api/config.php' for inclusion (include_path='C:\xampp\php\PEAR') in C:\xampp\htdocs\iwd\components\dashboard\client.php on line 4
[18-Apr-2025 13:08:01 Asia/Kolkata] PHP Warning:  include_once(/home/u707479837/domains/codingfrontend.in/public_html/dev/iwd//admin/api/config.php): Failed to open stream: No such file or directory in C:\xampp\htdocs\iwd\components\dashboard\allbooking.php on line 4
[18-Apr-2025 13:08:01 Asia/Kolkata] PHP Warning:  include_once(): Failed opening '/home/u707479837/domains/codingfrontend.in/public_html/dev/iwd//admin/api/config.php' for inclusion (include_path='C:\xampp\php\PEAR') in C:\xampp\htdocs\iwd\components\dashboard\allbooking.php on line 4
[18-Apr-2025 13:08:14 Asia/Kolkata] PHP Warning:  include_once(/home/u707479837/domains/codingfrontend.in/public_html/dev/iwd//admin/api/config.php): Failed to open stream: No such file or directory in C:\xampp\htdocs\iwd\components\dashboard\serviceman.php on line 4
[18-Apr-2025 13:08:14 Asia/Kolkata] PHP Warning:  include_once(): Failed opening '/home/u707479837/domains/codingfrontend.in/public_html/dev/iwd//admin/api/config.php' for inclusion (include_path='C:\xampp\php\PEAR') in C:\xampp\htdocs\iwd\components\dashboard\serviceman.php on line 4
[18-Apr-2025 13:08:18 Asia/Kolkata] PHP Warning:  include_once(/home/u707479837/domains/codingfrontend.in/public_html/dev/iwd//admin/api/config.php): Failed to open stream: No such file or directory in C:\xampp\htdocs\iwd\components\dashboard\client.php on line 4
[18-Apr-2025 13:08:18 Asia/Kolkata] PHP Warning:  include_once(): Failed opening '/home/u707479837/domains/codingfrontend.in/public_html/dev/iwd//admin/api/config.php' for inclusion (include_path='C:\xampp\php\PEAR') in C:\xampp\htdocs\iwd\components\dashboard\client.php on line 4
[18-Apr-2025 13:43:01 Asia/Kolkata] PHP Warning:  Undefined array key "name" in C:\xampp\htdocs\iwd\components\dashboard\packages\add.php on line 24
[18-Apr-2025 13:43:01 Asia/Kolkata] PHP Deprecated:  htmlspecialchars(): Passing null to parameter #1 ($string) of type string is deprecated in C:\xampp\htdocs\iwd\components\dashboard\packages\add.php on line 24
[18-Apr-2025 13:43:01 Asia/Kolkata] PHP Warning:  Undefined array key "name" in C:\xampp\htdocs\iwd\components\dashboard\packages\add.php on line 24
[18-Apr-2025 13:43:01 Asia/Kolkata] PHP Deprecated:  htmlspecialchars(): Passing null to parameter #1 ($string) of type string is deprecated in C:\xampp\htdocs\iwd\components\dashboard\packages\add.php on line 24
[18-Apr-2025 14:11:56 Asia/Kolkata] PHP Fatal error:  Uncaught PDOException: SQLSTATE[42S22]: Column not found: 1054 Unknown column 's.name' in 'field list' in C:\xampp\htdocs\iwd\components\dashboard\packages.php:13
Stack trace:
#0 C:\xampp\htdocs\iwd\components\dashboard\packages.php(13): PDO->prepare('SELECT \r\n    p....')
#1 C:\xampp\htdocs\iwd\components\dashboard.php(50): include('C:\\xampp\\htdocs...')
#2 C:\xampp\htdocs\iwd\index.php(13): include('C:\\xampp\\htdocs...')
#3 {main}
  thrown in C:\xampp\htdocs\iwd\components\dashboard\packages.php on line 13
[18-Apr-2025 14:12:15 Asia/Kolkata] PHP Warning:  Undefined array key "price" in C:\xampp\htdocs\iwd\components\dashboard\packages.php on line 62
[18-Apr-2025 14:12:15 Asia/Kolkata] PHP Warning:  Undefined array key "description" in C:\xampp\htdocs\iwd\components\dashboard\packages.php on line 65
[18-Apr-2025 14:12:15 Asia/Kolkata] PHP Warning:  Undefined array key "image" in C:\xampp\htdocs\iwd\components\dashboard\packages.php on line 82
[18-Apr-2025 14:12:15 Asia/Kolkata] PHP Warning:  Undefined array key "created_at" in C:\xampp\htdocs\iwd\components\dashboard\packages.php on line 89
[18-Apr-2025 14:12:15 Asia/Kolkata] PHP Deprecated:  strtotime(): Passing null to parameter #1 ($datetime) of type string is deprecated in C:\xampp\htdocs\iwd\components\dashboard\packages.php on line 89
[18-Apr-2025 14:12:15 Asia/Kolkata] PHP Warning:  Undefined array key "id" in C:\xampp\htdocs\iwd\components\dashboard\packages.php on line 92
[18-Apr-2025 14:12:15 Asia/Kolkata] PHP Warning:  Undefined array key "id" in C:\xampp\htdocs\iwd\components\dashboard\packages.php on line 95
[18-Apr-2025 14:12:15 Asia/Kolkata] PHP Warning:  Undefined array key "price" in C:\xampp\htdocs\iwd\components\dashboard\packages.php on line 62
[18-Apr-2025 14:12:15 Asia/Kolkata] PHP Warning:  Undefined array key "description" in C:\xampp\htdocs\iwd\components\dashboard\packages.php on line 65
[18-Apr-2025 14:12:15 Asia/Kolkata] PHP Warning:  Undefined array key "image" in C:\xampp\htdocs\iwd\components\dashboard\packages.php on line 82
[18-Apr-2025 14:12:15 Asia/Kolkata] PHP Warning:  Undefined array key "created_at" in C:\xampp\htdocs\iwd\components\dashboard\packages.php on line 89
[18-Apr-2025 14:12:15 Asia/Kolkata] PHP Deprecated:  strtotime(): Passing null to parameter #1 ($datetime) of type string is deprecated in C:\xampp\htdocs\iwd\components\dashboard\packages.php on line 89
[18-Apr-2025 14:12:15 Asia/Kolkata] PHP Warning:  Undefined array key "id" in C:\xampp\htdocs\iwd\components\dashboard\packages.php on line 92
[18-Apr-2025 14:12:15 Asia/Kolkata] PHP Warning:  Undefined array key "id" in C:\xampp\htdocs\iwd\components\dashboard\packages.php on line 95
[18-Apr-2025 14:12:31 Asia/Kolkata] PHP Warning:  Undefined array key "image" in C:\xampp\htdocs\iwd\components\dashboard\packages.php on line 83
[18-Apr-2025 14:12:31 Asia/Kolkata] PHP Warning:  Undefined array key "image" in C:\xampp\htdocs\iwd\components\dashboard\packages.php on line 83
[18-Apr-2025 14:13:40 Asia/Kolkata] PHP Warning:  Undefined array key "image" in C:\xampp\htdocs\iwd\components\dashboard\packages.php on line 83
[18-Apr-2025 14:13:40 Asia/Kolkata] PHP Warning:  Undefined array key "image" in C:\xampp\htdocs\iwd\components\dashboard\packages.php on line 83
[18-Apr-2025 14:15:49 Asia/Kolkata] PHP Warning:  Undefined array key "service_id" in C:\xampp\htdocs\iwd\components\dashboard\packages.php on line 75
[18-Apr-2025 14:15:49 Asia/Kolkata] PHP Fatal error:  Uncaught PDOException: SQLSTATE[42000]: Syntax error or access violation: 1064 You have an error in your SQL syntax; check the manual that corresponds to your MariaDB server version for the right syntax to use near ')' at line 1 in C:\xampp\htdocs\iwd\components\dashboard\packages.php:76
Stack trace:
#0 C:\xampp\htdocs\iwd\components\dashboard\packages.php(76): PDO->prepare('SELECT * FROM s...')
#1 C:\xampp\htdocs\iwd\components\dashboard.php(50): include('C:\\xampp\\htdocs...')
#2 C:\xampp\htdocs\iwd\index.php(13): include('C:\\xampp\\htdocs...')
#3 {main}
  thrown in C:\xampp\htdocs\iwd\components\dashboard\packages.php on line 76
[18-Apr-2025 14:16:06 Asia/Kolkata] PHP Warning:  Undefined array key "image_url" in C:\xampp\htdocs\iwd\components\dashboard\packages.php on line 74
[18-Apr-2025 14:16:06 Asia/Kolkata] PHP Warning:  Undefined array key "created_at" in C:\xampp\htdocs\iwd\components\dashboard\packages.php on line 81
[18-Apr-2025 14:16:06 Asia/Kolkata] PHP Deprecated:  strtotime(): Passing null to parameter #1 ($datetime) of type string is deprecated in C:\xampp\htdocs\iwd\components\dashboard\packages.php on line 81
[18-Apr-2025 14:16:06 Asia/Kolkata] PHP Warning:  Undefined array key "id" in C:\xampp\htdocs\iwd\components\dashboard\packages.php on line 84
[18-Apr-2025 14:16:06 Asia/Kolkata] PHP Warning:  Undefined array key "id" in C:\xampp\htdocs\iwd\components\dashboard\packages.php on line 87
[18-Apr-2025 14:22:46 Asia/Kolkata] PHP Fatal error:  Uncaught PDOException: SQLSTATE[23000]: Integrity constraint violation: 1052 Column 'id' in where clause is ambiguous in C:\xampp\htdocs\iwd\components\dashboard\packages\edit.php:17
Stack trace:
#0 C:\xampp\htdocs\iwd\components\dashboard\packages\edit.php(17): PDO->prepare('SELECT\r\n    p.*...')
#1 C:\xampp\htdocs\iwd\components\dashboard.php(52): include('C:\\xampp\\htdocs...')
#2 C:\xampp\htdocs\iwd\index.php(13): include('C:\\xampp\\htdocs...')
#3 {main}
  thrown in C:\xampp\htdocs\iwd\components\dashboard\packages\edit.php on line 17
[18-Apr-2025 16:37:57 Asia/Kolkata] PHP Warning:  include_once(/home/u707479837/domains/codingfrontend.in/public_html/dev/iwd//admin/api/config.php): Failed to open stream: No such file or directory in C:\xampp\htdocs\iwd\components\dashboard\client.php on line 4
[18-Apr-2025 16:37:57 Asia/Kolkata] PHP Warning:  include_once(): Failed opening '/home/u707479837/domains/codingfrontend.in/public_html/dev/iwd//admin/api/config.php' for inclusion (include_path='C:\xampp\php\PEAR') in C:\xampp\htdocs\iwd\components\dashboard\client.php on line 4
[18-Apr-2025 16:38:03 Asia/Kolkata] PHP Warning:  include_once(/home/u707479837/domains/codingfrontend.in/public_html/dev/iwd//admin/api/config.php): Failed to open stream: No such file or directory in C:\xampp\htdocs\iwd\components\dashboard\serviceman.php on line 4
[18-Apr-2025 16:38:03 Asia/Kolkata] PHP Warning:  include_once(): Failed opening '/home/u707479837/domains/codingfrontend.in/public_html/dev/iwd//admin/api/config.php' for inclusion (include_path='C:\xampp\php\PEAR') in C:\xampp\htdocs\iwd\components\dashboard\serviceman.php on line 4
[18-Apr-2025 16:38:07 Asia/Kolkata] PHP Warning:  include_once(/home/u707479837/domains/codingfrontend.in/public_html/dev/iwd//admin/api/config.php): Failed to open stream: No such file or directory in C:\xampp\htdocs\iwd\components\dashboard\allbooking.php on line 4
[18-Apr-2025 16:38:07 Asia/Kolkata] PHP Warning:  include_once(): Failed opening '/home/u707479837/domains/codingfrontend.in/public_html/dev/iwd//admin/api/config.php' for inclusion (include_path='C:\xampp\php\PEAR') in C:\xampp\htdocs\iwd\components\dashboard\allbooking.php on line 4
[18-Apr-2025 16:38:09 Asia/Kolkata] PHP Warning:  include_once(/home/u707479837/domains/codingfrontend.in/public_html/dev/iwd//admin/api/config.php): Failed to open stream: No such file or directory in C:\xampp\htdocs\iwd\components\dashboard\client.php on line 4
[18-Apr-2025 16:38:09 Asia/Kolkata] PHP Warning:  include_once(): Failed opening '/home/u707479837/domains/codingfrontend.in/public_html/dev/iwd//admin/api/config.php' for inclusion (include_path='C:\xampp\php\PEAR') in C:\xampp\htdocs\iwd\components\dashboard\client.php on line 4
[18-Apr-2025 17:27:20 Asia/Kolkata] PHP Fatal error:  Uncaught PDOException: SQLSTATE[42S02]: Base table or view not found: 1146 Table 'iwd.manager' doesn't exist in C:\xampp\htdocs\iwd\components\dashboard\managers.php:4
Stack trace:
#0 C:\xampp\htdocs\iwd\components\dashboard\managers.php(4): PDO->prepare('SELECT * FROM m...')
#1 C:\xampp\htdocs\iwd\components\dashboard.php(56): include('C:\\xampp\\htdocs...')
#2 C:\xampp\htdocs\iwd\index.php(13): include('C:\\xampp\\htdocs...')
#3 {main}
  thrown in C:\xampp\htdocs\iwd\components\dashboard\managers.php on line 4
[18-Apr-2025 17:30:01 Asia/Kolkata] PHP Warning:  include(dashboard/managers/add.php): Failed to open stream: No such file or directory in C:\xampp\htdocs\iwd\components\dashboard.php on line 60
[18-Apr-2025 17:30:01 Asia/Kolkata] PHP Warning:  include(): Failed opening 'dashboard/managers/add.php' for inclusion (include_path='C:\xampp\php\PEAR') in C:\xampp\htdocs\iwd\components\dashboard.php on line 60
[19-Apr-2025 12:57:28 Asia/Kolkata] PHP Warning:  include(dashboard/client/overview.php): Failed to open stream: No such file or directory in C:\xampp\htdocs\iwd\components\dashboard.php on line 72
[19-Apr-2025 12:57:28 Asia/Kolkata] PHP Warning:  include(): Failed opening 'dashboard/client/overview.php' for inclusion (include_path='C:\xampp\php\PEAR') in C:\xampp\htdocs\iwd\components\dashboard.php on line 72
[19-Apr-2025 13:53:50 Asia/Kolkata] PHP Warning:  Undefined variable $value in C:\xampp\htdocs\iwd\components\dashboard\pick_a_package.php on line 41
[19-Apr-2025 13:53:50 Asia/Kolkata] PHP Warning:  Trying to access array offset on value of type null in C:\xampp\htdocs\iwd\components\dashboard\pick_a_package.php on line 41
[19-Apr-2025 13:53:50 Asia/Kolkata] PHP Warning:  Undefined variable $value in C:\xampp\htdocs\iwd\components\dashboard\pick_a_package.php on line 41
[19-Apr-2025 13:53:50 Asia/Kolkata] PHP Warning:  Trying to access array offset on value of type null in C:\xampp\htdocs\iwd\components\dashboard\pick_a_package.php on line 41
[19-Apr-2025 17:12:24 Asia/Kolkata] PHP Fatal error:  Uncaught PDOException: SQLSTATE[42000]: Syntax error or access violation: 1064 You have an error in your SQL syntax; check the manual that corresponds to your MariaDB server version for the right syntax to use near 'where p.created_by = ?
GROUP BY p.id
ORDER BY p.id DESC' at line 12 in C:\xampp\htdocs\iwd\components\dashboard\booking.php:19
Stack trace:
#0 C:\xampp\htdocs\iwd\components\dashboard\booking.php(19): PDO->prepare('SELECT\r\n    b.*...')
#1 C:\xampp\htdocs\iwd\components\dashboard.php(75): include('C:\\xampp\\htdocs...')
#2 C:\xampp\htdocs\iwd\index.php(13): include('C:\\xampp\\htdocs...')
#3 {main}
  thrown in C:\xampp\htdocs\iwd\components\dashboard\booking.php on line 19
[19-Apr-2025 17:12:45 Asia/Kolkata] PHP Fatal error:  Uncaught PDOException: SQLSTATE[42000]: Syntax error or access violation: 1064 You have an error in your SQL syntax; check the manual that corresponds to your MariaDB server version for the right syntax to use near 'where b.user_id = ?
GROUP BY p.id
ORDER BY p.id DESC' at line 12 in C:\xampp\htdocs\iwd\components\dashboard\booking.php:19
Stack trace:
#0 C:\xampp\htdocs\iwd\components\dashboard\booking.php(19): PDO->prepare('SELECT\r\n    b.*...')
#1 C:\xampp\htdocs\iwd\components\dashboard.php(75): include('C:\\xampp\\htdocs...')
#2 C:\xampp\htdocs\iwd\index.php(13): include('C:\\xampp\\htdocs...')
#3 {main}
  thrown in C:\xampp\htdocs\iwd\components\dashboard\booking.php on line 19
[19-Apr-2025 17:21:37 Asia/Kolkata] PHP Warning:  Undefined variable $value in C:\xampp\htdocs\iwd\components\dashboard\booking.php on line 75
[19-Apr-2025 17:21:37 Asia/Kolkata] PHP Warning:  Trying to access array offset on value of type null in C:\xampp\htdocs\iwd\components\dashboard\booking.php on line 75
[19-Apr-2025 17:21:37 Asia/Kolkata] PHP Warning:  Undefined variable $value in C:\xampp\htdocs\iwd\components\dashboard\booking.php on line 78
[19-Apr-2025 17:21:37 Asia/Kolkata] PHP Warning:  Trying to access array offset on value of type null in C:\xampp\htdocs\iwd\components\dashboard\booking.php on line 78
[19-Apr-2025 17:21:37 Asia/Kolkata] PHP Warning:  Undefined variable $value in C:\xampp\htdocs\iwd\components\dashboard\booking.php on line 75
[19-Apr-2025 17:21:37 Asia/Kolkata] PHP Warning:  Trying to access array offset on value of type null in C:\xampp\htdocs\iwd\components\dashboard\booking.php on line 75
[19-Apr-2025 17:21:37 Asia/Kolkata] PHP Warning:  Undefined variable $value in C:\xampp\htdocs\iwd\components\dashboard\booking.php on line 78
[19-Apr-2025 17:21:37 Asia/Kolkata] PHP Warning:  Trying to access array offset on value of type null in C:\xampp\htdocs\iwd\components\dashboard\booking.php on line 78
[19-Apr-2025 17:23:01 Asia/Kolkata] PHP Warning:  Undefined variable $value in C:\xampp\htdocs\iwd\components\dashboard\booking.php on line 75
[19-Apr-2025 17:23:01 Asia/Kolkata] PHP Warning:  Trying to access array offset on value of type null in C:\xampp\htdocs\iwd\components\dashboard\booking.php on line 75
[19-Apr-2025 17:23:01 Asia/Kolkata] PHP Warning:  Undefined variable $value in C:\xampp\htdocs\iwd\components\dashboard\booking.php on line 78
[19-Apr-2025 17:23:01 Asia/Kolkata] PHP Warning:  Trying to access array offset on value of type null in C:\xampp\htdocs\iwd\components\dashboard\booking.php on line 78
[19-Apr-2025 17:23:01 Asia/Kolkata] PHP Warning:  Undefined variable $value in C:\xampp\htdocs\iwd\components\dashboard\booking.php on line 75
[19-Apr-2025 17:23:01 Asia/Kolkata] PHP Warning:  Trying to access array offset on value of type null in C:\xampp\htdocs\iwd\components\dashboard\booking.php on line 75
[19-Apr-2025 17:23:01 Asia/Kolkata] PHP Warning:  Undefined variable $value in C:\xampp\htdocs\iwd\components\dashboard\booking.php on line 78
[19-Apr-2025 17:23:01 Asia/Kolkata] PHP Warning:  Trying to access array offset on value of type null in C:\xampp\htdocs\iwd\components\dashboard\booking.php on line 78
[21-Apr-2025 11:41:59 Asia/Kolkata] PHP Warning:  Undefined variable $value in C:\xampp\htdocs\iwd\components\dashboard\booking.php on line 75
[21-Apr-2025 11:41:59 Asia/Kolkata] PHP Warning:  Trying to access array offset on value of type null in C:\xampp\htdocs\iwd\components\dashboard\booking.php on line 75
[21-Apr-2025 11:41:59 Asia/Kolkata] PHP Warning:  Undefined variable $value in C:\xampp\htdocs\iwd\components\dashboard\booking.php on line 78
[21-Apr-2025 11:41:59 Asia/Kolkata] PHP Warning:  Trying to access array offset on value of type null in C:\xampp\htdocs\iwd\components\dashboard\booking.php on line 78
[21-Apr-2025 11:41:59 Asia/Kolkata] PHP Warning:  Undefined variable $value in C:\xampp\htdocs\iwd\components\dashboard\booking.php on line 75
[21-Apr-2025 11:41:59 Asia/Kolkata] PHP Warning:  Trying to access array offset on value of type null in C:\xampp\htdocs\iwd\components\dashboard\booking.php on line 75
[21-Apr-2025 11:41:59 Asia/Kolkata] PHP Warning:  Undefined variable $value in C:\xampp\htdocs\iwd\components\dashboard\booking.php on line 78
[21-Apr-2025 11:41:59 Asia/Kolkata] PHP Warning:  Trying to access array offset on value of type null in C:\xampp\htdocs\iwd\components\dashboard\booking.php on line 78
[21-Apr-2025 12:14:24 Asia/Kolkata] PHP Warning:  Undefined variable $value in C:\xampp\htdocs\iwd\components\dashboard\booking.php on line 75
[21-Apr-2025 12:14:24 Asia/Kolkata] PHP Warning:  Trying to access array offset on value of type null in C:\xampp\htdocs\iwd\components\dashboard\booking.php on line 75
[21-Apr-2025 12:14:24 Asia/Kolkata] PHP Warning:  Undefined variable $value in C:\xampp\htdocs\iwd\components\dashboard\booking.php on line 78
[21-Apr-2025 12:14:24 Asia/Kolkata] PHP Warning:  Trying to access array offset on value of type null in C:\xampp\htdocs\iwd\components\dashboard\booking.php on line 78
[21-Apr-2025 12:14:24 Asia/Kolkata] PHP Warning:  Undefined variable $value in C:\xampp\htdocs\iwd\components\dashboard\booking.php on line 75
[21-Apr-2025 12:14:24 Asia/Kolkata] PHP Warning:  Trying to access array offset on value of type null in C:\xampp\htdocs\iwd\components\dashboard\booking.php on line 75
[21-Apr-2025 12:14:24 Asia/Kolkata] PHP Warning:  Undefined variable $value in C:\xampp\htdocs\iwd\components\dashboard\booking.php on line 78
[21-Apr-2025 12:14:24 Asia/Kolkata] PHP Warning:  Trying to access array offset on value of type null in C:\xampp\htdocs\iwd\components\dashboard\booking.php on line 78
[21-Apr-2025 12:24:35 Asia/Kolkata] PHP Warning:  Undefined variable $value in C:\xampp\htdocs\iwd\components\dashboard\booking.php on line 75
[21-Apr-2025 12:24:35 Asia/Kolkata] PHP Warning:  Trying to access array offset on value of type null in C:\xampp\htdocs\iwd\components\dashboard\booking.php on line 75
[21-Apr-2025 12:24:35 Asia/Kolkata] PHP Warning:  Undefined variable $value in C:\xampp\htdocs\iwd\components\dashboard\booking.php on line 78
[21-Apr-2025 12:24:35 Asia/Kolkata] PHP Warning:  Trying to access array offset on value of type null in C:\xampp\htdocs\iwd\components\dashboard\booking.php on line 78
[21-Apr-2025 12:24:35 Asia/Kolkata] PHP Warning:  Undefined variable $value in C:\xampp\htdocs\iwd\components\dashboard\booking.php on line 75
[21-Apr-2025 12:24:35 Asia/Kolkata] PHP Warning:  Trying to access array offset on value of type null in C:\xampp\htdocs\iwd\components\dashboard\booking.php on line 75
[21-Apr-2025 12:24:35 Asia/Kolkata] PHP Warning:  Undefined variable $value in C:\xampp\htdocs\iwd\components\dashboard\booking.php on line 78
[21-Apr-2025 12:24:35 Asia/Kolkata] PHP Warning:  Trying to access array offset on value of type null in C:\xampp\htdocs\iwd\components\dashboard\booking.php on line 78
[21-Apr-2025 12:25:40 Asia/Kolkata] PHP Warning:  Undefined variable $propertyEdit in C:\xampp\htdocs\iwd\components\dashboard\editbooking.php on line 84
[21-Apr-2025 12:25:40 Asia/Kolkata] PHP Warning:  Trying to access array offset on value of type null in C:\xampp\htdocs\iwd\components\dashboard\editbooking.php on line 84
[21-Apr-2025 12:25:40 Asia/Kolkata] PHP Warning:  Undefined variable $propertyEdit in C:\xampp\htdocs\iwd\components\dashboard\editbooking.php on line 113
[21-Apr-2025 12:25:40 Asia/Kolkata] PHP Warning:  Trying to access array offset on value of type null in C:\xampp\htdocs\iwd\components\dashboard\editbooking.php on line 113
[21-Apr-2025 12:26:15 Asia/Kolkata] PHP Warning:  Undefined variable $propertyEdit in C:\xampp\htdocs\iwd\components\dashboard\editbooking.php on line 84
[21-Apr-2025 12:26:15 Asia/Kolkata] PHP Warning:  Trying to access array offset on value of type null in C:\xampp\htdocs\iwd\components\dashboard\editbooking.php on line 84
[21-Apr-2025 12:26:15 Asia/Kolkata] PHP Warning:  Undefined variable $propertyEdit in C:\xampp\htdocs\iwd\components\dashboard\editbooking.php on line 113
[21-Apr-2025 12:26:15 Asia/Kolkata] PHP Warning:  Trying to access array offset on value of type null in C:\xampp\htdocs\iwd\components\dashboard\editbooking.php on line 113
[21-Apr-2025 12:27:14 Asia/Kolkata] PHP Warning:  Undefined variable $propertyEdit in C:\xampp\htdocs\iwd\components\dashboard\editbooking.php on line 84
[21-Apr-2025 12:27:14 Asia/Kolkata] PHP Warning:  Trying to access array offset on value of type null in C:\xampp\htdocs\iwd\components\dashboard\editbooking.php on line 84
[21-Apr-2025 12:27:14 Asia/Kolkata] PHP Warning:  Undefined variable $propertyEdit in C:\xampp\htdocs\iwd\components\dashboard\editbooking.php on line 113
[21-Apr-2025 12:27:14 Asia/Kolkata] PHP Warning:  Trying to access array offset on value of type null in C:\xampp\htdocs\iwd\components\dashboard\editbooking.php on line 113
[21-Apr-2025 12:27:18 Asia/Kolkata] PHP Warning:  Undefined variable $propertyEdit in C:\xampp\htdocs\iwd\components\dashboard\editbooking.php on line 84
[21-Apr-2025 12:27:18 Asia/Kolkata] PHP Warning:  Trying to access array offset on value of type null in C:\xampp\htdocs\iwd\components\dashboard\editbooking.php on line 84
[21-Apr-2025 12:27:18 Asia/Kolkata] PHP Warning:  Undefined variable $propertyEdit in C:\xampp\htdocs\iwd\components\dashboard\editbooking.php on line 113
[21-Apr-2025 12:27:18 Asia/Kolkata] PHP Warning:  Trying to access array offset on value of type null in C:\xampp\htdocs\iwd\components\dashboard\editbooking.php on line 113
[21-Apr-2025 12:49:51 Asia/Kolkata] PHP Warning:  Undefined array key "guest_status" in C:\xampp\htdocs\iwd\components\dashboard\save_guests.php on line 6
[21-Apr-2025 12:49:51 Asia/Kolkata] PHP Fatal error:  Uncaught PDOException: SQLSTATE[42S22]: Column not found: 1054 Unknown column 'guest_status' in 'field list' in C:\xampp\htdocs\iwd\components\dashboard\save_guests.php:8
Stack trace:
#0 C:\xampp\htdocs\iwd\components\dashboard\save_guests.php(8): PDO->prepare('INSERT INTO gue...')
#1 C:\xampp\htdocs\iwd\components\dashboard.php(81): include('C:\\xampp\\htdocs...')
#2 C:\xampp\htdocs\iwd\index.php(13): include('C:\\xampp\\htdocs...')
#3 {main}
  thrown in C:\xampp\htdocs\iwd\components\dashboard\save_guests.php on line 8
[21-Apr-2025 13:15:28 Asia/Kolkata] PHP Warning:  Undefined variable $booking in C:\xampp\htdocs\iwd\components\dashboard\editbooking.php on line 53
[21-Apr-2025 13:15:28 Asia/Kolkata] PHP Warning:  Trying to access array offset on value of type null in C:\xampp\htdocs\iwd\components\dashboard\editbooking.php on line 53
[21-Apr-2025 13:15:28 Asia/Kolkata] PHP Warning:  Undefined variable $booking in C:\xampp\htdocs\iwd\components\dashboard\editbooking.php on line 54
[21-Apr-2025 13:15:28 Asia/Kolkata] PHP Warning:  Trying to access array offset on value of type null in C:\xampp\htdocs\iwd\components\dashboard\editbooking.php on line 54
[21-Apr-2025 13:15:28 Asia/Kolkata] PHP Deprecated:  ucfirst(): Passing null to parameter #1 ($string) of type string is deprecated in C:\xampp\htdocs\iwd\components\dashboard\editbooking.php on line 54
[21-Apr-2025 13:16:33 Asia/Kolkata] PHP Warning:  Undefined variable $booking in C:\xampp\htdocs\iwd\components\dashboard\editbooking.php on line 58
[21-Apr-2025 13:16:33 Asia/Kolkata] PHP Warning:  Trying to access array offset on value of type null in C:\xampp\htdocs\iwd\components\dashboard\editbooking.php on line 58
[21-Apr-2025 13:16:33 Asia/Kolkata] PHP Warning:  Undefined variable $booking in C:\xampp\htdocs\iwd\components\dashboard\editbooking.php on line 59
[21-Apr-2025 13:16:33 Asia/Kolkata] PHP Warning:  Trying to access array offset on value of type null in C:\xampp\htdocs\iwd\components\dashboard\editbooking.php on line 59
[21-Apr-2025 13:16:33 Asia/Kolkata] PHP Deprecated:  ucfirst(): Passing null to parameter #1 ($string) of type string is deprecated in C:\xampp\htdocs\iwd\components\dashboard\editbooking.php on line 59
[21-Apr-2025 13:16:43 Asia/Kolkata] PHP Warning:  Undefined variable $booking in C:\xampp\htdocs\iwd\components\dashboard\editbooking.php on line 58
[21-Apr-2025 13:16:43 Asia/Kolkata] PHP Warning:  Trying to access array offset on value of type null in C:\xampp\htdocs\iwd\components\dashboard\editbooking.php on line 58
[21-Apr-2025 13:16:43 Asia/Kolkata] PHP Warning:  Undefined variable $booking in C:\xampp\htdocs\iwd\components\dashboard\editbooking.php on line 59
[21-Apr-2025 13:16:43 Asia/Kolkata] PHP Warning:  Trying to access array offset on value of type null in C:\xampp\htdocs\iwd\components\dashboard\editbooking.php on line 59
[21-Apr-2025 13:16:43 Asia/Kolkata] PHP Deprecated:  ucfirst(): Passing null to parameter #1 ($string) of type string is deprecated in C:\xampp\htdocs\iwd\components\dashboard\editbooking.php on line 59
[21-Apr-2025 13:23:30 Asia/Kolkata] PHP Warning:  Undefined variable $booking in C:\xampp\htdocs\iwd\components\dashboard\editbooking.php on line 58
[21-Apr-2025 13:23:30 Asia/Kolkata] PHP Warning:  Trying to access array offset on value of type null in C:\xampp\htdocs\iwd\components\dashboard\editbooking.php on line 58
[21-Apr-2025 13:23:30 Asia/Kolkata] PHP Warning:  Undefined variable $booking in C:\xampp\htdocs\iwd\components\dashboard\editbooking.php on line 59
[21-Apr-2025 13:23:30 Asia/Kolkata] PHP Warning:  Trying to access array offset on value of type null in C:\xampp\htdocs\iwd\components\dashboard\editbooking.php on line 59
[21-Apr-2025 13:23:30 Asia/Kolkata] PHP Deprecated:  ucfirst(): Passing null to parameter #1 ($string) of type string is deprecated in C:\xampp\htdocs\iwd\components\dashboard\editbooking.php on line 59
[21-Apr-2025 13:32:07 Asia/Kolkata] PHP Warning:  Undefined variable $value in C:\xampp\htdocs\iwd\components\dashboard\clientbooking.php on line 75
[21-Apr-2025 13:32:07 Asia/Kolkata] PHP Warning:  Trying to access array offset on value of type null in C:\xampp\htdocs\iwd\components\dashboard\clientbooking.php on line 75
[21-Apr-2025 13:32:07 Asia/Kolkata] PHP Warning:  Undefined variable $value in C:\xampp\htdocs\iwd\components\dashboard\clientbooking.php on line 78
[21-Apr-2025 13:32:07 Asia/Kolkata] PHP Warning:  Trying to access array offset on value of type null in C:\xampp\htdocs\iwd\components\dashboard\clientbooking.php on line 78
[21-Apr-2025 13:32:07 Asia/Kolkata] PHP Warning:  Undefined variable $value in C:\xampp\htdocs\iwd\components\dashboard\clientbooking.php on line 75
[21-Apr-2025 13:32:07 Asia/Kolkata] PHP Warning:  Trying to access array offset on value of type null in C:\xampp\htdocs\iwd\components\dashboard\clientbooking.php on line 75
[21-Apr-2025 13:32:07 Asia/Kolkata] PHP Warning:  Undefined variable $value in C:\xampp\htdocs\iwd\components\dashboard\clientbooking.php on line 78
[21-Apr-2025 13:32:07 Asia/Kolkata] PHP Warning:  Trying to access array offset on value of type null in C:\xampp\htdocs\iwd\components\dashboard\clientbooking.php on line 78
[21-Apr-2025 13:33:22 Asia/Kolkata] PHP Warning:  Undefined variable $discount in C:\xampp\htdocs\iwd\components\dashboard\editallbooking.php on line 54
[21-Apr-2025 13:33:22 Asia/Kolkata] PHP Warning:  Undefined variable $total_price in C:\xampp\htdocs\iwd\components\dashboard\editallbooking.php on line 59
[21-Apr-2025 13:33:22 Asia/Kolkata] PHP Deprecated:  number_format(): Passing null to parameter #1 ($num) of type float is deprecated in C:\xampp\htdocs\iwd\components\dashboard\editallbooking.php on line 59
[21-Apr-2025 13:33:22 Asia/Kolkata] PHP Warning:  Undefined variable $price in C:\xampp\htdocs\iwd\components\dashboard\editallbooking.php on line 124
[21-Apr-2025 13:49:56 Asia/Kolkata] PHP Warning:  Undefined variable $discount in C:\xampp\htdocs\iwd\components\dashboard\editallbooking.php on line 54
[21-Apr-2025 13:49:56 Asia/Kolkata] PHP Warning:  Undefined variable $total_price in C:\xampp\htdocs\iwd\components\dashboard\editallbooking.php on line 59
[21-Apr-2025 13:49:56 Asia/Kolkata] PHP Deprecated:  number_format(): Passing null to parameter #1 ($num) of type float is deprecated in C:\xampp\htdocs\iwd\components\dashboard\editallbooking.php on line 59
[21-Apr-2025 13:49:56 Asia/Kolkata] PHP Warning:  Undefined variable $price in C:\xampp\htdocs\iwd\components\dashboard\editallbooking.php on line 124
[21-Apr-2025 13:50:08 Asia/Kolkata] PHP Warning:  Undefined variable $discount in C:\xampp\htdocs\iwd\components\dashboard\editallbooking.php on line 54
[21-Apr-2025 13:50:08 Asia/Kolkata] PHP Warning:  Undefined variable $total_price in C:\xampp\htdocs\iwd\components\dashboard\editallbooking.php on line 59
[21-Apr-2025 13:50:08 Asia/Kolkata] PHP Deprecated:  number_format(): Passing null to parameter #1 ($num) of type float is deprecated in C:\xampp\htdocs\iwd\components\dashboard\editallbooking.php on line 59
[21-Apr-2025 13:50:08 Asia/Kolkata] PHP Warning:  Undefined variable $price in C:\xampp\htdocs\iwd\components\dashboard\editallbooking.php on line 124
[21-Apr-2025 13:50:35 Asia/Kolkata] PHP Warning:  Undefined variable $discount in C:\xampp\htdocs\iwd\components\dashboard\editallbooking.php on line 54
[21-Apr-2025 13:50:35 Asia/Kolkata] PHP Warning:  Undefined variable $total_price in C:\xampp\htdocs\iwd\components\dashboard\editallbooking.php on line 59
[21-Apr-2025 13:50:35 Asia/Kolkata] PHP Deprecated:  number_format(): Passing null to parameter #1 ($num) of type float is deprecated in C:\xampp\htdocs\iwd\components\dashboard\editallbooking.php on line 59
[21-Apr-2025 13:50:35 Asia/Kolkata] PHP Warning:  Undefined variable $price in C:\xampp\htdocs\iwd\components\dashboard\editallbooking.php on line 124
[21-Apr-2025 13:51:08 Asia/Kolkata] PHP Parse error:  Unclosed '{' on line 2 in C:\xampp\htdocs\iwd\components\dashboard\editallbooking.php on line 254
[21-Apr-2025 13:51:43 Asia/Kolkata] PHP Warning:  Undefined variable $discount in C:\xampp\htdocs\iwd\components\dashboard\editallbooking.php on line 54
[21-Apr-2025 13:51:43 Asia/Kolkata] PHP Warning:  Undefined variable $total_price in C:\xampp\htdocs\iwd\components\dashboard\editallbooking.php on line 59
[21-Apr-2025 13:51:43 Asia/Kolkata] PHP Deprecated:  number_format(): Passing null to parameter #1 ($num) of type float is deprecated in C:\xampp\htdocs\iwd\components\dashboard\editallbooking.php on line 59
[21-Apr-2025 13:52:30 Asia/Kolkata] PHP Warning:  Undefined variable $discount in C:\xampp\htdocs\iwd\components\dashboard\editallbooking.php on line 54
[21-Apr-2025 13:52:30 Asia/Kolkata] PHP Warning:  Undefined variable $total_price in C:\xampp\htdocs\iwd\components\dashboard\editallbooking.php on line 59
[21-Apr-2025 13:52:30 Asia/Kolkata] PHP Deprecated:  number_format(): Passing null to parameter #1 ($num) of type float is deprecated in C:\xampp\htdocs\iwd\components\dashboard\editallbooking.php on line 59
[21-Apr-2025 13:52:30 Asia/Kolkata] PHP Warning:  Undefined variable $price in C:\xampp\htdocs\iwd\components\dashboard\editallbooking.php on line 123
[21-Apr-2025 13:53:00 Asia/Kolkata] PHP Warning:  Undefined variable $discount in C:\xampp\htdocs\iwd\components\dashboard\editallbooking.php on line 54
[21-Apr-2025 13:53:00 Asia/Kolkata] PHP Warning:  Undefined variable $price in C:\xampp\htdocs\iwd\components\dashboard\editallbooking.php on line 123
[21-Apr-2025 13:53:37 Asia/Kolkata] PHP Warning:  Undefined variable $price in C:\xampp\htdocs\iwd\components\dashboard\editallbooking.php on line 123
[21-Apr-2025 16:18:59 Asia/Kolkata] PHP Warning:  Undefined variable $booking in C:\xampp\htdocs\iwd\components\dashboard\editbooking.php on line 58
[21-Apr-2025 16:18:59 Asia/Kolkata] PHP Warning:  Trying to access array offset on value of type null in C:\xampp\htdocs\iwd\components\dashboard\editbooking.php on line 58
[21-Apr-2025 16:18:59 Asia/Kolkata] PHP Warning:  Undefined variable $booking in C:\xampp\htdocs\iwd\components\dashboard\editbooking.php on line 59
[21-Apr-2025 16:18:59 Asia/Kolkata] PHP Warning:  Trying to access array offset on value of type null in C:\xampp\htdocs\iwd\components\dashboard\editbooking.php on line 59
[21-Apr-2025 16:18:59 Asia/Kolkata] PHP Deprecated:  ucfirst(): Passing null to parameter #1 ($string) of type string is deprecated in C:\xampp\htdocs\iwd\components\dashboard\editbooking.php on line 59
[21-Apr-2025 16:26:22 Asia/Kolkata] PHP Warning:  Undefined variable $booking in C:\xampp\htdocs\iwd\components\dashboard\editbooking.php on line 58
[21-Apr-2025 16:26:22 Asia/Kolkata] PHP Warning:  Trying to access array offset on value of type null in C:\xampp\htdocs\iwd\components\dashboard\editbooking.php on line 58
[21-Apr-2025 16:26:22 Asia/Kolkata] PHP Warning:  Undefined variable $booking in C:\xampp\htdocs\iwd\components\dashboard\editbooking.php on line 59
[21-Apr-2025 16:26:22 Asia/Kolkata] PHP Warning:  Trying to access array offset on value of type null in C:\xampp\htdocs\iwd\components\dashboard\editbooking.php on line 59
[21-Apr-2025 16:26:22 Asia/Kolkata] PHP Deprecated:  ucfirst(): Passing null to parameter #1 ($string) of type string is deprecated in C:\xampp\htdocs\iwd\components\dashboard\editbooking.php on line 59
[21-Apr-2025 17:09:27 Asia/Kolkata] PHP Warning:  Undefined variable $booking in C:\xampp\htdocs\iwd\components\dashboard\editbooking.php on line 58
[21-Apr-2025 17:09:27 Asia/Kolkata] PHP Warning:  Trying to access array offset on value of type null in C:\xampp\htdocs\iwd\components\dashboard\editbooking.php on line 58
[21-Apr-2025 17:09:27 Asia/Kolkata] PHP Warning:  Undefined variable $booking in C:\xampp\htdocs\iwd\components\dashboard\editbooking.php on line 59
[21-Apr-2025 17:09:27 Asia/Kolkata] PHP Warning:  Trying to access array offset on value of type null in C:\xampp\htdocs\iwd\components\dashboard\editbooking.php on line 59
[21-Apr-2025 17:09:27 Asia/Kolkata] PHP Deprecated:  ucfirst(): Passing null to parameter #1 ($string) of type string is deprecated in C:\xampp\htdocs\iwd\components\dashboard\editbooking.php on line 59
